<?xml version="1.0" encoding="UTF-8"?>
<!-- Generated by org.testng.reporters.JUnitReportReporter -->
<testsuite hostname="DESKTOP-3FJFT86" failures="0" tests="1" name="com.actitime.testscript.CreateCustomer" time="2.755" errors="0" timestamp="2023-06-07T19:29:09 IST" skipped="0">
  <testcase classname="com.actitime.testscript.CreateCustomer" name="TestCreateCustomer" time="2.755"/>
  <system-out>
    <![CDATA[TestCreateCustomer]]>
  </system-out>
</testsuite> <!-- com.actitime.testscript.CreateCustomer -->
