<?xml version="1.0" encoding="UTF-8"?>
<!-- Generated by org.testng.reporters.JUnitReportReporter -->
<testsuite hostname="DESKTOP-3FJFT86" failures="0" tests="1" name="Selenium.LaunchChrome" time="5.927" errors="0" timestamp="2023-06-01T21:39:35 GMT-07:00" skipped="0">
  <testcase classname="Selenium.LaunchChrome" name="OpenBrowser" time="5.927"/>
  <system-out/>
</testsuite> <!-- Selenium.LaunchChrome -->
